2026-05-25 18:11:35,998 [INFO] ======================================================================
2026-05-25 18:11:35,998 [INFO] 02_vulnerability_indices.py  —  START
2026-05-25 18:11:35,998 [INFO] ======================================================================
2026-05-25 18:11:35,998 [INFO] 
--- Loading source files ---
2026-05-25 18:11:36,400 [INFO] Loaded ECV_Procesado.xlsx: 357 rows × 55 cols
2026-05-25 18:11:36,400 [INFO]   Columns: ['Comuna', 'Año', 'Porcentaje de hogares con algún nivel de inseguridad alimentaria', 'Porcentaje de hogares con nivel de inseguridad alimentaria leve', 'Porcentaje de hogares con nivel de inseguridad alimentaria moderada', 'Porcentaje de hogares con nivel de inseguridad alimentaria severa', 'Porcentaje de hombres jefes cabeza de hogar', 'Porcentaje de jefes de hogar o informante calificado que planifica', 'Porcentaje de jefes de hogar o informantes calificados que concertan el método de planificación', 'Porcentaje de jefes de hogar que tienen suficiente información sobre los métodos de planificación familiar', 'Porcentaje de mujeres jefes cabeza de hogar', 'Porcentaje de personas que asiste o participa a programas culturales', 'Porcentaje de población inscrita en programas deportivos, recreativos y/o lúdicos', 'Porcentaje de población que practica actividades deportivas', 'Porcentaje de población que practica actividades deportivas, recreativas y lúdicas', 'T100=Tasa desempleo población discapacitada (por 100 personas)', 'T103=Tasa desempleo población afrodescendiente (por 100 personas)', 'T104=Tasa ocupación (por 100 personas)', 'T113=Tasa bruta de participación TBP (por 100 personas)', 'T120=Porcentaje de población que practica actividades deportivas', 'T123=Porcentaje de personas que asiste o participa a programas culturales', 'T44=Índice de dependencia económica (porcentaje)', 'T48=Índice de Masculinidad', 'T55=Tasa de asistencia escolar de 0 a 4 años (Por 100 personas)', 'T56=Tasa de asistencia escolar de 5 años (Por 100 personas) ,00', 'T57=Tasa de asistencia escolar de 6 a 10 años (Por 100 personas) ,00', 'T58=Tasa de asistencia escolar de 11 a 14 años (Por 100 personas) ,00', 'T59=Tasa de asistencia escolar de 15 a 16 años (Por 100 personas) ,00', 'T60=Tasa de asistencia escolar de 17 a 21 años (Por 100 personas) ,00', 'T62=Tasa deserción en primaria (por 100 personas) ,00', 'T63=Tasa deserción en básica secundaria (por 100 personas) ,00', 'T64=Tasa deserción en educación media (por 100 personas) ,00', 'T65=Tasa deserción en educación superior pregrado (por 100 personas) ,00', 'T67=Tasa deserción en secundaria (básica secundaria y media) (por 100 personas) ,00', 'T71=Tasa deserción en educación técnica profesional (por 100 personas) ,00', 'T72=Tasa deserción en educación tecnológica (por 100 personas) ,00', 'T73=Tasa deserción en educación universitaria (por 100 personas) ,00', 'T75=Tasa bruta de escolaridad básica primaria (por 100 personas) ,00', 'T76=Tasa bruta de escolaridad básica secundaria (por 100 personas) ,00', 'T77=Tasa bruta de escolaridad media (por 100 personas) ,00', 'T78=Tasa bruta de escolaridad básica secundaria y media (por 100 personas) ,00', 'T79=Tasa bruta de escolaridad superior pregrado (por 100 personas) ,00', 'T80=Tasa bruta de escolaridad básica primaria, secundaria, media y superior (por 100 personas) ,00', 'T82=Tasa de analfabetismo de 10 a 14 años (por 100 personas) ,00', 'T83=Tasa de analfabetismo de 15 a 24 años (por 100 personas) ,00', 'T84=Tasa de analfabetismo de 15 y más años (por 100 personas) ,00', 'T87=Tasa neta de escolaridad básica primaria (por 100 personas) ,00', 'T88=Tasa neta de escolaridad básica secundaria (por 100 personas) ,00', 'T89=Tasa neta de escolaridad educación media (por 100 personas) ,00', 'T90=Tasa neta de escolaridad educación básica secundaria y media (por 100 personas) ,00', 'T91=Tasa neta de escolaridad superior (por 100 personas) ,00', 'T92=Tasa neta de escolaridad (primaria, básica secundaria, media y superior) (por 100 personas) ,00', 'T93=Tasa neta de escolaridad todos los niveles (preescolar, básica primaria, secundaria y media)  (por 100 personas) ,00', 'T98=Tasa desempleo oculto (por 100 personas)', 'T99=Tasa desempleo abierto (por 100 personas)']
2026-05-25 18:11:36,431 [INFO] Loaded IML_Procesado.xlsx: 201 rows × 17 cols
2026-05-25 18:11:36,431 [INFO]   Columns: ['Comuna', 'Año', '% población en edad de trabajar', 'T.D. Abierto', 'T.D. Oculto', 'T.Informalidad', 'TD', 'TGP', 'TO', 'Tasa de subempleo objetivo', 'Tasa de subempleo objetivo - Empleo inadecuado por competencias', 'Tasa de subempleo objetivo - Empleo inadecuado por ingresos', 'Tasa de subempleo objetivo - Insuficiencia de horas', 'Tasa de subempleo subjetivo', 'Tasa de subempleo subjetivo - Empleo inadecuado por competencias', 'Tasa de subempleo subjetivo - Empleo inadecuado por ingresos', 'Tasa de subempleo subjetivo - Insuficiencia de horas']
2026-05-25 18:11:36,473 [INFO] Loaded IPM_Procesado.xlsx: 294 rows × 18 cols
2026-05-25 18:11:36,474 [INFO]   Columns: ['Comuna', 'Año', 'Acceso agua', 'Acceso alcantarillado', 'Analfabetismo', 'Bajo logro educativo', 'Barreras de acceso a salud', 'Barreras de acceso primera infancia', 'Desempleo de larga duración', 'Empleo informal', 'Hacinamiento', 'IPM Total', 'Inasistencia escolar', 'Paredes exteriores', 'Pisos', 'Rezago escolar', 'Sin aseguramiento a salud', 'Trabajo infantil']
2026-05-25 18:11:36,475 [INFO] 
ECV cols after rename: ['Comuna', 'Año', 'Porcentaje de hogares con algún nivel de inseguridad alimentaria', 'Porcentaje de hogares con nivel de inseguridad alimentaria leve', 'Porcentaje de hogares con nivel de inseguridad alimentaria moderada', 'Porcentaje de hogares con nivel de inseguridad alimentaria severa', 'Porcentaje de hombres jefes cabeza de hogar', 'Porcentaje de jefes de hogar o informante calificado que planifica', 'Porcentaje de jefes de hogar o informantes calificados que concertan el método de planificación', 'Porcentaje de jefes de hogar que tienen suficiente información sobre los métodos de planificación familiar', 'Porcentaje de mujeres jefes cabeza de hogar', 'Porcentaje de personas que asiste o participa a programas culturales', 'Porcentaje de población inscrita en programas deportivos, recreativos y/o lúdicos', 'Porcentaje de población que practica actividades deportivas', 'Porcentaje de población que practica actividades deportivas, recreativas y lúdicas', 'T100=Tasa desempleo población discapacitada (por 100 personas)', 'T103=Tasa desempleo población afrodescendiente (por 100 personas)', 'T104=Tasa ocupación (por 100 personas)', 'T113=Tasa bruta de participación TBP (por 100 personas)', 'T120=Porcentaje de población que practica actividades deportivas', 'T123=Porcentaje de personas que asiste o participa a programas culturales', 'T44=Índice de dependencia económica (porcentaje)', 'T48=Índice de Masculinidad', 'T55=Tasa de asistencia escolar de 0 a 4 años (Por 100 personas)', 'T56=Tasa de asistencia escolar de 5 años (Por 100 personas) ,00', 'T57=Tasa de asistencia escolar de 6 a 10 años (Por 100 personas) ,00', 'T58=Tasa de asistencia escolar de 11 a 14 años (Por 100 personas) ,00', 'T59=Tasa de asistencia escolar de 15 a 16 años (Por 100 personas) ,00', 'T60=Tasa de asistencia escolar de 17 a 21 años (Por 100 personas) ,00', 'T62=Tasa deserción en primaria (por 100 personas) ,00', 'T63=Tasa deserción en básica secundaria (por 100 personas) ,00', 'T64=Tasa deserción en educación media (por 100 personas) ,00', 'T65=Tasa deserción en educación superior pregrado (por 100 personas) ,00', 'T67=Tasa deserción en secundaria (básica secundaria y media) (por 100 personas) ,00', 'T71=Tasa deserción en educación técnica profesional (por 100 personas) ,00', 'T72=Tasa deserción en educación tecnológica (por 100 personas) ,00', 'T73=Tasa deserción en educación universitaria (por 100 personas) ,00', 'T75=Tasa bruta de escolaridad básica primaria (por 100 personas) ,00', 'T76=Tasa bruta de escolaridad básica secundaria (por 100 personas) ,00', 'T77=Tasa bruta de escolaridad media (por 100 personas) ,00', 'T78=Tasa bruta de escolaridad básica secundaria y media (por 100 personas) ,00', 'T79=Tasa bruta de escolaridad superior pregrado (por 100 personas) ,00', 'T80=Tasa bruta de escolaridad básica primaria, secundaria, media y superior (por 100 personas) ,00', 'T82=Tasa de analfabetismo de 10 a 14 años (por 100 personas) ,00', 'T83=Tasa de analfabetismo de 15 a 24 años (por 100 personas) ,00', 'T84=Tasa de analfabetismo de 15 y más años (por 100 personas) ,00', 'T87=Tasa neta de escolaridad básica primaria (por 100 personas) ,00', 'T88=Tasa neta de escolaridad básica secundaria (por 100 personas) ,00', 'T89=Tasa neta de escolaridad educación media (por 100 personas) ,00', 'T90=Tasa neta de escolaridad educación básica secundaria y media (por 100 personas) ,00', 'T91=Tasa neta de escolaridad superior (por 100 personas) ,00', 'T92=Tasa neta de escolaridad (primaria, básica secundaria, media y superior) (por 100 personas) ,00', 'T93=Tasa neta de escolaridad todos los niveles (preescolar, básica primaria, secundaria y media)  (por 100 personas) ,00', 'T98=Tasa desempleo oculto (por 100 personas)', 'T99=Tasa desempleo abierto (por 100 personas)']
2026-05-25 18:11:36,475 [INFO] IML cols after rename: ['Comuna', 'Año', '% población en edad de trabajar', 'T.D. Abierto', 'T.D. Oculto', 'T.Informalidad', 'TD', 'TGP', 'TO', 'Tasa de subempleo objetivo', 'Tasa de subempleo objetivo - Empleo inadecuado por competencias', 'Tasa de subempleo objetivo - Empleo inadecuado por ingresos', 'Tasa de subempleo objetivo - Insuficiencia de horas', 'Tasa de subempleo subjetivo', 'Tasa de subempleo subjetivo - Empleo inadecuado por competencias', 'Tasa de subempleo subjetivo - Empleo inadecuado por ingresos', 'Tasa de subempleo subjetivo - Insuficiencia de horas']
2026-05-25 18:11:36,475 [INFO] IPM cols after rename: ['Comuna', 'Año', 'Acceso agua', 'Acceso alcantarillado', 'Analfabetismo', 'Bajo logro educativo', 'Barreras de acceso a salud', 'Barreras de acceso primera infancia', 'Desempleo de larga duración', 'Empleo informal', 'Hacinamiento', 'IPM Total', 'Inasistencia escolar', 'Paredes exteriores', 'Pisos', 'Rezago escolar', 'Sin aseguramiento a salud', 'Trabajo infantil']
2026-05-25 18:11:36,480 [INFO] 
--- Merging datasets ---
2026-05-25 18:11:36,492 [INFO] Merged shape: (514, 86)
2026-05-25 18:11:36,493 [INFO] Communes: ['Altavista', 'Aranjuez', 'Belen', 'Belén', 'Buenos Aires', 'Castilla', 'Corregimiento de Altavista', 'Corregimiento de San Antonio de Prado', 'Corregimiento de San Cristóbal', 'Corregimiento de San Sebastián de Palmitas', 'Corregimiento de Santa Elena', 'Doce de Octubre', 'Doce de octubre', 'El Poblado', 'Guayabal', 'La America', 'La América', 'La Candelaria', 'Laureles Estadio', 'Laureles—Estadio', 'Manrique', 'Palmitas', 'Poblado', 'Popular', 'Robledo', 'San Antonio de Prado', 'San Cristobal', 'San Cristóbal', 'San Javier', 'San Sebastián De Palmitas', 'Santa Cruz', 'Santa Elena', 'Villa Hermosa']
2026-05-25 18:11:36,493 [INFO] Years   : [2007, 2008, 2009, 2010, 2011, 2012, 2013, 2014, 2015, 2016, 2017, 2018, 2019, 2020, 2021, 2022, 2023, 2024]
2026-05-25 18:11:36,635 [INFO] Missing value imputation complete.
2026-05-25 18:11:36,635 [INFO] 
--- Index 1: Tensión de Desempleo ---
2026-05-25 18:11:36,636 [INFO]   [idx_desempleo] Matched cols: ['TD', 'T100=Tasa desempleo población discapacitada (por 100 personas)', 'T103=Tasa desempleo población afrodescendiente (por 100 personas)', 'T98=Tasa desempleo oculto (por 100 personas)', 'T99=Tasa desempleo abierto (por 100 personas)', 'Desempleo de larga duración', 'TGP', 'T.Informalidad', 'Empleo informal', 'Porcentaje de jefes de hogar o informantes calificados que concertan el método de planificación', 'Porcentaje de jefes de hogar que tienen suficiente información sobre los métodos de planificación familiar', 'T93=Tasa neta de escolaridad todos los niveles (preescolar, básica primaria, secundaria y media)  (por 100 personas) ,00', 'T.D. Abierto', 'T.D. Oculto', 'TO', 'Hacinamiento', 'IPM Total', 'Sin aseguramiento a salud']
2026-05-25 18:11:36,646 [INFO]   Index 'idx_desempleo': mean=0.3828, std=0.0551
2026-05-25 18:11:36,646 [INFO] 
--- Index 2: Déficit de Hábitat ---
2026-05-25 18:11:36,647 [INFO]   [idx_habitat] Matched cols: ['Hacinamiento', 'Acceso alcantarillado', 'Pisos', 'Paredes exteriores']
2026-05-25 18:11:36,653 [INFO]   Index 'idx_habitat': mean=0.0916, std=0.0919
2026-05-25 18:11:36,653 [INFO] 
--- Index 3: Vulnerabilidad Educativa ---
2026-05-25 18:11:36,654 [INFO]   [idx_educacion] Matched cols: ['T55=Tasa de asistencia escolar de 0 a 4 años (Por 100 personas)', 'T56=Tasa de asistencia escolar de 5 años (Por 100 personas) ,00', 'T57=Tasa de asistencia escolar de 6 a 10 años (Por 100 personas) ,00', 'T58=Tasa de asistencia escolar de 11 a 14 años (Por 100 personas) ,00', 'T59=Tasa de asistencia escolar de 15 a 16 años (Por 100 personas) ,00', 'T60=Tasa de asistencia escolar de 17 a 21 años (Por 100 personas) ,00', 'Inasistencia escolar', 'T75=Tasa bruta de escolaridad básica primaria (por 100 personas) ,00', 'T76=Tasa bruta de escolaridad básica secundaria (por 100 personas) ,00', 'T77=Tasa bruta de escolaridad media (por 100 personas) ,00', 'T78=Tasa bruta de escolaridad básica secundaria y media (por 100 personas) ,00', 'T79=Tasa bruta de escolaridad superior pregrado (por 100 personas) ,00', 'T80=Tasa bruta de escolaridad básica primaria, secundaria, media y superior (por 100 personas) ,00', 'T87=Tasa neta de escolaridad básica primaria (por 100 personas) ,00', 'T88=Tasa neta de escolaridad básica secundaria (por 100 personas) ,00', 'T89=Tasa neta de escolaridad educación media (por 100 personas) ,00', 'T90=Tasa neta de escolaridad educación básica secundaria y media (por 100 personas) ,00', 'T91=Tasa neta de escolaridad superior (por 100 personas) ,00', 'T92=Tasa neta de escolaridad (primaria, básica secundaria, media y superior) (por 100 personas) ,00', 'T93=Tasa neta de escolaridad todos los niveles (preescolar, básica primaria, secundaria y media)  (por 100 personas) ,00', 'Bajo logro educativo', 'T82=Tasa de analfabetismo de 10 a 14 años (por 100 personas) ,00', 'T83=Tasa de analfabetismo de 15 a 24 años (por 100 personas) ,00', 'T84=Tasa de analfabetismo de 15 y más años (por 100 personas) ,00', 'Analfabetismo', 'T62=Tasa deserción en primaria (por 100 personas) ,00', 'T63=Tasa deserción en básica secundaria (por 100 personas) ,00', 'T67=Tasa deserción en secundaria (básica secundaria y media) (por 100 personas) ,00']
2026-05-25 18:11:36,665 [INFO]   Index 'idx_educacion': mean=0.3159, std=0.1386
2026-05-25 18:11:36,665 [INFO] 
--- Index 4: Riesgo Climático (placeholder 0.5) ---
2026-05-25 18:11:36,666 [INFO]   Riesgo climático set to 0.5 (SIATA data pending).
2026-05-25 18:11:36,666 [INFO] 
--- Index 5: Pobreza Multidimensional ---
2026-05-25 18:11:36,666 [INFO]   [idx_pobreza] Matched cols: ['IPM Total']
2026-05-25 18:11:36,670 [INFO]   Index 'idx_pobreza': mean=0.3204, std=0.1679
2026-05-25 18:11:36,670 [INFO] 
--- Index 6: Fragilidad del Tejido Social ---
2026-05-25 18:11:36,671 [INFO]   [idx_tejido_social] Matched cols: ['Porcentaje de hogares con algún nivel de inseguridad alimentaria', 'Porcentaje de hogares con nivel de inseguridad alimentaria leve', 'Porcentaje de hogares con nivel de inseguridad alimentaria moderada', 'Porcentaje de hogares con nivel de inseguridad alimentaria severa']
2026-05-25 18:11:36,675 [INFO]   Index 'idx_tejido_social': mean=0.3997, std=0.1443
2026-05-25 18:11:36,675 [INFO] 
--- Index 7: IVC (Índice de Vulnerabilidad Compuesto) ---
2026-05-25 18:11:36,676 [INFO]   IVC: mean=0.3201, std=0.0811
2026-05-25 18:11:36,676 [INFO] 
--- Building output DataFrame ---
2026-05-25 18:12:56,324 [INFO] ======================================================================
2026-05-25 18:12:56,325 [INFO] 02_vulnerability_indices.py  —  START
2026-05-25 18:12:56,325 [INFO] ======================================================================
2026-05-25 18:12:56,325 [INFO] 
--- Loading source files ---
2026-05-25 18:12:56,577 [INFO] Loaded ECV_Procesado.xlsx: 357 rows × 55 cols
2026-05-25 18:12:56,578 [INFO]   Columns: ['Comuna', 'Año', 'Porcentaje de hogares con algún nivel de inseguridad alimentaria', 'Porcentaje de hogares con nivel de inseguridad alimentaria leve', 'Porcentaje de hogares con nivel de inseguridad alimentaria moderada', 'Porcentaje de hogares con nivel de inseguridad alimentaria severa', 'Porcentaje de hombres jefes cabeza de hogar', 'Porcentaje de jefes de hogar o informante calificado que planifica', 'Porcentaje de jefes de hogar o informantes calificados que concertan el método de planificación', 'Porcentaje de jefes de hogar que tienen suficiente información sobre los métodos de planificación familiar', 'Porcentaje de mujeres jefes cabeza de hogar', 'Porcentaje de personas que asiste o participa a programas culturales', 'Porcentaje de población inscrita en programas deportivos, recreativos y/o lúdicos', 'Porcentaje de población que practica actividades deportivas', 'Porcentaje de población que practica actividades deportivas, recreativas y lúdicas', 'T100=Tasa desempleo población discapacitada (por 100 personas)', 'T103=Tasa desempleo población afrodescendiente (por 100 personas)', 'T104=Tasa ocupación (por 100 personas)', 'T113=Tasa bruta de participación TBP (por 100 personas)', 'T120=Porcentaje de población que practica actividades deportivas', 'T123=Porcentaje de personas que asiste o participa a programas culturales', 'T44=Índice de dependencia económica (porcentaje)', 'T48=Índice de Masculinidad', 'T55=Tasa de asistencia escolar de 0 a 4 años (Por 100 personas)', 'T56=Tasa de asistencia escolar de 5 años (Por 100 personas) ,00', 'T57=Tasa de asistencia escolar de 6 a 10 años (Por 100 personas) ,00', 'T58=Tasa de asistencia escolar de 11 a 14 años (Por 100 personas) ,00', 'T59=Tasa de asistencia escolar de 15 a 16 años (Por 100 personas) ,00', 'T60=Tasa de asistencia escolar de 17 a 21 años (Por 100 personas) ,00', 'T62=Tasa deserción en primaria (por 100 personas) ,00', 'T63=Tasa deserción en básica secundaria (por 100 personas) ,00', 'T64=Tasa deserción en educación media (por 100 personas) ,00', 'T65=Tasa deserción en educación superior pregrado (por 100 personas) ,00', 'T67=Tasa deserción en secundaria (básica secundaria y media) (por 100 personas) ,00', 'T71=Tasa deserción en educación técnica profesional (por 100 personas) ,00', 'T72=Tasa deserción en educación tecnológica (por 100 personas) ,00', 'T73=Tasa deserción en educación universitaria (por 100 personas) ,00', 'T75=Tasa bruta de escolaridad básica primaria (por 100 personas) ,00', 'T76=Tasa bruta de escolaridad básica secundaria (por 100 personas) ,00', 'T77=Tasa bruta de escolaridad media (por 100 personas) ,00', 'T78=Tasa bruta de escolaridad básica secundaria y media (por 100 personas) ,00', 'T79=Tasa bruta de escolaridad superior pregrado (por 100 personas) ,00', 'T80=Tasa bruta de escolaridad básica primaria, secundaria, media y superior (por 100 personas) ,00', 'T82=Tasa de analfabetismo de 10 a 14 años (por 100 personas) ,00', 'T83=Tasa de analfabetismo de 15 a 24 años (por 100 personas) ,00', 'T84=Tasa de analfabetismo de 15 y más años (por 100 personas) ,00', 'T87=Tasa neta de escolaridad básica primaria (por 100 personas) ,00', 'T88=Tasa neta de escolaridad básica secundaria (por 100 personas) ,00', 'T89=Tasa neta de escolaridad educación media (por 100 personas) ,00', 'T90=Tasa neta de escolaridad educación básica secundaria y media (por 100 personas) ,00', 'T91=Tasa neta de escolaridad superior (por 100 personas) ,00', 'T92=Tasa neta de escolaridad (primaria, básica secundaria, media y superior) (por 100 personas) ,00', 'T93=Tasa neta de escolaridad todos los niveles (preescolar, básica primaria, secundaria y media)  (por 100 personas) ,00', 'T98=Tasa desempleo oculto (por 100 personas)', 'T99=Tasa desempleo abierto (por 100 personas)']
2026-05-25 18:12:56,599 [INFO] Loaded IML_Procesado.xlsx: 201 rows × 17 cols
2026-05-25 18:12:56,599 [INFO]   Columns: ['Comuna', 'Año', '% población en edad de trabajar', 'T.D. Abierto', 'T.D. Oculto', 'T.Informalidad', 'TD', 'TGP', 'TO', 'Tasa de subempleo objetivo', 'Tasa de subempleo objetivo - Empleo inadecuado por competencias', 'Tasa de subempleo objetivo - Empleo inadecuado por ingresos', 'Tasa de subempleo objetivo - Insuficiencia de horas', 'Tasa de subempleo subjetivo', 'Tasa de subempleo subjetivo - Empleo inadecuado por competencias', 'Tasa de subempleo subjetivo - Empleo inadecuado por ingresos', 'Tasa de subempleo subjetivo - Insuficiencia de horas']
2026-05-25 18:12:56,629 [INFO] Loaded IPM_Procesado.xlsx: 294 rows × 18 cols
2026-05-25 18:12:56,629 [INFO]   Columns: ['Comuna', 'Año', 'Acceso agua', 'Acceso alcantarillado', 'Analfabetismo', 'Bajo logro educativo', 'Barreras de acceso a salud', 'Barreras de acceso primera infancia', 'Desempleo de larga duración', 'Empleo informal', 'Hacinamiento', 'IPM Total', 'Inasistencia escolar', 'Paredes exteriores', 'Pisos', 'Rezago escolar', 'Sin aseguramiento a salud', 'Trabajo infantil']
2026-05-25 18:12:56,630 [INFO] 
ECV cols after rename: ['Comuna', 'Año', 'Porcentaje de hogares con algún nivel de inseguridad alimentaria', 'Porcentaje de hogares con nivel de inseguridad alimentaria leve', 'Porcentaje de hogares con nivel de inseguridad alimentaria moderada', 'Porcentaje de hogares con nivel de inseguridad alimentaria severa', 'Porcentaje de hombres jefes cabeza de hogar', 'Porcentaje de jefes de hogar o informante calificado que planifica', 'Porcentaje de jefes de hogar o informantes calificados que concertan el método de planificación', 'Porcentaje de jefes de hogar que tienen suficiente información sobre los métodos de planificación familiar', 'Porcentaje de mujeres jefes cabeza de hogar', 'Porcentaje de personas que asiste o participa a programas culturales', 'Porcentaje de población inscrita en programas deportivos, recreativos y/o lúdicos', 'Porcentaje de población que practica actividades deportivas', 'Porcentaje de población que practica actividades deportivas, recreativas y lúdicas', 'T100=Tasa desempleo población discapacitada (por 100 personas)', 'T103=Tasa desempleo población afrodescendiente (por 100 personas)', 'T104=Tasa ocupación (por 100 personas)', 'T113=Tasa bruta de participación TBP (por 100 personas)', 'T120=Porcentaje de población que practica actividades deportivas', 'T123=Porcentaje de personas que asiste o participa a programas culturales', 'T44=Índice de dependencia económica (porcentaje)', 'T48=Índice de Masculinidad', 'T55=Tasa de asistencia escolar de 0 a 4 años (Por 100 personas)', 'T56=Tasa de asistencia escolar de 5 años (Por 100 personas) ,00', 'T57=Tasa de asistencia escolar de 6 a 10 años (Por 100 personas) ,00', 'T58=Tasa de asistencia escolar de 11 a 14 años (Por 100 personas) ,00', 'T59=Tasa de asistencia escolar de 15 a 16 años (Por 100 personas) ,00', 'T60=Tasa de asistencia escolar de 17 a 21 años (Por 100 personas) ,00', 'T62=Tasa deserción en primaria (por 100 personas) ,00', 'T63=Tasa deserción en básica secundaria (por 100 personas) ,00', 'T64=Tasa deserción en educación media (por 100 personas) ,00', 'T65=Tasa deserción en educación superior pregrado (por 100 personas) ,00', 'T67=Tasa deserción en secundaria (básica secundaria y media) (por 100 personas) ,00', 'T71=Tasa deserción en educación técnica profesional (por 100 personas) ,00', 'T72=Tasa deserción en educación tecnológica (por 100 personas) ,00', 'T73=Tasa deserción en educación universitaria (por 100 personas) ,00', 'T75=Tasa bruta de escolaridad básica primaria (por 100 personas) ,00', 'T76=Tasa bruta de escolaridad básica secundaria (por 100 personas) ,00', 'T77=Tasa bruta de escolaridad media (por 100 personas) ,00', 'T78=Tasa bruta de escolaridad básica secundaria y media (por 100 personas) ,00', 'T79=Tasa bruta de escolaridad superior pregrado (por 100 personas) ,00', 'T80=Tasa bruta de escolaridad básica primaria, secundaria, media y superior (por 100 personas) ,00', 'T82=Tasa de analfabetismo de 10 a 14 años (por 100 personas) ,00', 'T83=Tasa de analfabetismo de 15 a 24 años (por 100 personas) ,00', 'T84=Tasa de analfabetismo de 15 y más años (por 100 personas) ,00', 'T87=Tasa neta de escolaridad básica primaria (por 100 personas) ,00', 'T88=Tasa neta de escolaridad básica secundaria (por 100 personas) ,00', 'T89=Tasa neta de escolaridad educación media (por 100 personas) ,00', 'T90=Tasa neta de escolaridad educación básica secundaria y media (por 100 personas) ,00', 'T91=Tasa neta de escolaridad superior (por 100 personas) ,00', 'T92=Tasa neta de escolaridad (primaria, básica secundaria, media y superior) (por 100 personas) ,00', 'T93=Tasa neta de escolaridad todos los niveles (preescolar, básica primaria, secundaria y media)  (por 100 personas) ,00', 'T98=Tasa desempleo oculto (por 100 personas)', 'T99=Tasa desempleo abierto (por 100 personas)']
2026-05-25 18:12:56,630 [INFO] IML cols after rename: ['Comuna', 'Año', '% población en edad de trabajar', 'T.D. Abierto', 'T.D. Oculto', 'T.Informalidad', 'TD', 'TGP', 'TO', 'Tasa de subempleo objetivo', 'Tasa de subempleo objetivo - Empleo inadecuado por competencias', 'Tasa de subempleo objetivo - Empleo inadecuado por ingresos', 'Tasa de subempleo objetivo - Insuficiencia de horas', 'Tasa de subempleo subjetivo', 'Tasa de subempleo subjetivo - Empleo inadecuado por competencias', 'Tasa de subempleo subjetivo - Empleo inadecuado por ingresos', 'Tasa de subempleo subjetivo - Insuficiencia de horas']
2026-05-25 18:12:56,630 [INFO] IPM cols after rename: ['Comuna', 'Año', 'Acceso agua', 'Acceso alcantarillado', 'Analfabetismo', 'Bajo logro educativo', 'Barreras de acceso a salud', 'Barreras de acceso primera infancia', 'Desempleo de larga duración', 'Empleo informal', 'Hacinamiento', 'IPM Total', 'Inasistencia escolar', 'Paredes exteriores', 'Pisos', 'Rezago escolar', 'Sin aseguramiento a salud', 'Trabajo infantil']
2026-05-25 18:12:56,633 [INFO] 
--- Merging datasets ---
2026-05-25 18:12:56,642 [INFO] Merged shape: (514, 86)
2026-05-25 18:12:56,643 [INFO] Communes: ['Altavista', 'Aranjuez', 'Belen', 'Belén', 'Buenos Aires', 'Castilla', 'Corregimiento de Altavista', 'Corregimiento de San Antonio de Prado', 'Corregimiento de San Cristóbal', 'Corregimiento de San Sebastián de Palmitas', 'Corregimiento de Santa Elena', 'Doce de Octubre', 'Doce de octubre', 'El Poblado', 'Guayabal', 'La America', 'La América', 'La Candelaria', 'Laureles Estadio', 'Laureles—Estadio', 'Manrique', 'Palmitas', 'Poblado', 'Popular', 'Robledo', 'San Antonio de Prado', 'San Cristobal', 'San Cristóbal', 'San Javier', 'San Sebastián De Palmitas', 'Santa Cruz', 'Santa Elena', 'Villa Hermosa']
2026-05-25 18:12:56,643 [INFO] Years   : [2007, 2008, 2009, 2010, 2011, 2012, 2013, 2014, 2015, 2016, 2017, 2018, 2019, 2020, 2021, 2022, 2023, 2024]
2026-05-25 18:12:56,733 [WARNING] 'Comuna' was dropped by groupby-apply — restoring saved copy.
2026-05-25 18:12:56,753 [INFO] Missing value imputation complete.
2026-05-25 18:12:56,753 [INFO] 
--- Index 1: Tensión de Desempleo ---
2026-05-25 18:12:56,754 [INFO]   [idx_desempleo] Matched cols: ['T.D. Abierto', 'T.D. Oculto', 'T.Informalidad', 'TD', 'TGP', 'TO', 'Desempleo de larga duración', 'Empleo informal']
2026-05-25 18:12:56,760 [INFO]   Index 'idx_desempleo': mean=0.4531, std=0.0687
2026-05-25 18:12:56,760 [INFO] 
--- Index 2: Déficit de Hábitat ---
2026-05-25 18:12:56,761 [INFO]   [idx_habitat] Matched cols: ['Hacinamiento', 'Acceso alcantarillado', 'Pisos', 'Paredes exteriores']
2026-05-25 18:12:56,765 [INFO]   Index 'idx_habitat': mean=0.0916, std=0.0919
2026-05-25 18:12:56,765 [INFO] 
--- Index 3: Vulnerabilidad Educativa ---
2026-05-25 18:12:56,765 [INFO]   [idx_educacion] Matched cols: ['T55=Tasa de asistencia escolar de 0 a 4 años (Por 100 personas)', 'T56=Tasa de asistencia escolar de 5 años (Por 100 personas) ,00', 'T57=Tasa de asistencia escolar de 6 a 10 años (Por 100 personas) ,00', 'T58=Tasa de asistencia escolar de 11 a 14 años (Por 100 personas) ,00', 'T59=Tasa de asistencia escolar de 15 a 16 años (Por 100 personas) ,00', 'T60=Tasa de asistencia escolar de 17 a 21 años (Por 100 personas) ,00', 'Inasistencia escolar', 'T75=Tasa bruta de escolaridad básica primaria (por 100 personas) ,00', 'T76=Tasa bruta de escolaridad básica secundaria (por 100 personas) ,00', 'T77=Tasa bruta de escolaridad media (por 100 personas) ,00', 'T78=Tasa bruta de escolaridad básica secundaria y media (por 100 personas) ,00', 'T79=Tasa bruta de escolaridad superior pregrado (por 100 personas) ,00', 'T80=Tasa bruta de escolaridad básica primaria, secundaria, media y superior (por 100 personas) ,00', 'T87=Tasa neta de escolaridad básica primaria (por 100 personas) ,00', 'T88=Tasa neta de escolaridad básica secundaria (por 100 personas) ,00', 'T89=Tasa neta de escolaridad educación media (por 100 personas) ,00', 'T90=Tasa neta de escolaridad educación básica secundaria y media (por 100 personas) ,00', 'T91=Tasa neta de escolaridad superior (por 100 personas) ,00', 'T92=Tasa neta de escolaridad (primaria, básica secundaria, media y superior) (por 100 personas) ,00', 'T93=Tasa neta de escolaridad todos los niveles (preescolar, básica primaria, secundaria y media)  (por 100 personas) ,00', 'Bajo logro educativo', 'T82=Tasa de analfabetismo de 10 a 14 años (por 100 personas) ,00', 'T83=Tasa de analfabetismo de 15 a 24 años (por 100 personas) ,00', 'T84=Tasa de analfabetismo de 15 y más años (por 100 personas) ,00', 'Analfabetismo', 'T62=Tasa deserción en primaria (por 100 personas) ,00', 'T63=Tasa deserción en básica secundaria (por 100 personas) ,00', 'T67=Tasa deserción en secundaria (básica secundaria y media) (por 100 personas) ,00']
2026-05-25 18:12:56,774 [INFO]   Index 'idx_educacion': mean=0.3159, std=0.1386
2026-05-25 18:12:56,775 [INFO] 
--- Index 4: Riesgo Climático (placeholder 0.5) ---
2026-05-25 18:12:56,775 [INFO]   Riesgo climático set to 0.5 (SIATA data pending).
2026-05-25 18:12:56,775 [INFO] 
--- Index 5: Pobreza Multidimensional ---
2026-05-25 18:12:56,775 [INFO]   [idx_pobreza] Matched cols: ['IPM Total']
2026-05-25 18:12:56,778 [INFO]   Index 'idx_pobreza': mean=0.3204, std=0.1679
2026-05-25 18:12:56,778 [INFO] 
--- Index 6: Fragilidad del Tejido Social ---
2026-05-25 18:12:56,778 [INFO]   [idx_tejido_social] Matched cols: ['Porcentaje de hogares con algún nivel de inseguridad alimentaria', 'Porcentaje de hogares con nivel de inseguridad alimentaria leve', 'Porcentaje de hogares con nivel de inseguridad alimentaria moderada', 'Porcentaje de hogares con nivel de inseguridad alimentaria severa']
2026-05-25 18:12:56,782 [INFO]   Index 'idx_tejido_social': mean=0.3997, std=0.1443
2026-05-25 18:12:56,782 [INFO] 
--- Index 7: IVC (Índice de Vulnerabilidad Compuesto) ---
2026-05-25 18:12:56,783 [INFO]   IVC: mean=0.3328, std=0.0792
2026-05-25 18:12:56,783 [INFO] 
--- Building output DataFrame ---
2026-05-25 18:12:56,783 [INFO] Output shape: (514, 9)
2026-05-25 18:12:56,783 [INFO] 
Top 10 most vulnerable communes (by mean IVC):
2026-05-25 18:12:56,785 [INFO] 
Comuna
Popular                                       0.483448
Manrique                                      0.442773
Santa Cruz                                    0.438916
Corregimiento de San Sebastián de Palmitas    0.428413
Corregimiento de Santa Elena                  0.422492
Villa Hermosa                                 0.409655
Aranjuez                                      0.381338
Doce de Octubre                               0.379956
San Javier                                    0.379569
Corregimiento de Altavista                    0.375003
2026-05-25 18:12:56,792 [INFO] 
Saved: C:\Users\gjriv\OneDrive\Documentos\UdeA\Trabajo de grado 2026\model_strategic_investment_cities\ModeloDatos\ModeloDatos\data\processed\indices_comunas.csv
2026-05-25 18:12:56,792 [INFO] 02_vulnerability_indices.py  —  DONE
2026-05-25 18:13:00,094 [INFO] ======================================================================
2026-05-25 18:13:00,095 [INFO] 03_xgboost_model.py  —  START
2026-05-25 18:13:00,095 [INFO] ======================================================================
2026-05-25 18:13:00,095 [INFO] Loading: C:\Users\gjriv\OneDrive\Documentos\UdeA\Trabajo de grado 2026\model_strategic_investment_cities\ModeloDatos\ModeloDatos\data\processed\indices_comunas.csv
2026-05-25 18:13:00,102 [INFO] Shape: (514, 9)
2026-05-25 18:13:00,102 [INFO] Columns: ['Comuna', 'Año', 'idx_desempleo', 'idx_habitat', 'idx_educacion', 'idx_riesgo_clima', 'idx_pobreza', 'idx_tejido_social', 'ivc']
2026-05-25 18:13:00,103 [INFO] Communes: 33 | Years: [2007, 2008, 2009, 2010, 2011, 2012, 2013, 2014, 2015, 2016, 2017, 2018, 2019, 2020, 2021, 2022, 2023, 2024]
2026-05-25 18:13:00,105 [INFO] Features: ['idx_desempleo', 'idx_habitat', 'idx_educacion', 'idx_riesgo_clima', 'idx_pobreza', 'idx_tejido_social', 'año_normalizado']
2026-05-25 18:13:00,105 [INFO] X shape: (514, 7) | y stats: mean=0.3328, std=0.0791
2026-05-25 18:13:01,008 [INFO] XGBoost version: 3.2.0
2026-05-25 18:13:09,668 [INFO] SHAP version: 0.51.0
2026-05-25 18:13:09,669 [INFO] 
--- Temporal Cross-Validation ---
2026-05-25 18:13:09,673 [INFO] Years in data: [np.int64(2007), np.int64(2008), np.int64(2009), np.int64(2010), np.int64(2011), np.int64(2012), np.int64(2013), np.int64(2014), np.int64(2015), np.int64(2016), np.int64(2017), np.int64(2018), np.int64(2019), np.int64(2020), np.int64(2021), np.int64(2022), np.int64(2023), np.int64(2024)]
2026-05-25 18:13:09,673 [INFO] Hyperparameter grid: {'n_estimators': [100, 200], 'max_depth': [3, 5], 'learning_rate': [0.05, 0.1], 'subsample': [0.8], 'colsample_bytree': [0.8], 'min_child_weight': [1, 3]}
2026-05-25 18:13:09,674 [INFO] 
  Fold 1: train years=[2007, 2008, 2009, 2010], test years=[2010, 2011, 2012, 2013]
2026-05-25 18:13:09,674 [INFO]     Train size=89, Test size=85
2026-05-25 18:13:13,427 [INFO]     Best params: {'colsample_bytree': 0.8, 'learning_rate': 0.1, 'max_depth': 3, 'min_child_weight': 3, 'n_estimators': 200, 'subsample': 0.8}
2026-05-25 18:13:13,430 [INFO]     RMSE=0.02606, MAE=0.01913, R²=0.92245
2026-05-25 18:13:13,432 [INFO] 
  Fold 2: train years=[2007, 2008, 2009, 2010, 2011, 2012, 2013], test years=[2013, 2014, 2015, 2016]
2026-05-25 18:13:13,432 [INFO]     Train size=174, Test size=85
2026-05-25 18:13:13,698 [INFO]     Best params: {'colsample_bytree': 0.8, 'learning_rate': 0.05, 'max_depth': 3, 'min_child_weight': 3, 'n_estimators': 200, 'subsample': 0.8}
2026-05-25 18:13:13,702 [INFO]     RMSE=0.01147, MAE=0.00896, R²=0.97468
2026-05-25 18:13:13,704 [INFO] 
  Fold 3: train years=[2007, 2008, 2009, 2010, 2011, 2012, 2013, 2014, 2015, 2016], test years=[2016, 2017, 2018, 2019]
2026-05-25 18:13:13,704 [INFO]     Train size=259, Test size=85
2026-05-25 18:13:14,033 [INFO]     Best params: {'colsample_bytree': 0.8, 'learning_rate': 0.1, 'max_depth': 3, 'min_child_weight': 1, 'n_estimators': 200, 'subsample': 0.8}
2026-05-25 18:13:14,036 [INFO]     RMSE=0.00866, MAE=0.00666, R²=0.98212
2026-05-25 18:13:14,038 [INFO] 
  Fold 4: train years=[2007, 2008, 2009, 2010, 2011, 2012, 2013, 2014, 2015, 2016, 2017, 2018, 2019], test years=[2019, 2020, 2021, 2022]
2026-05-25 18:13:14,038 [INFO]     Train size=344, Test size=85
2026-05-25 18:13:14,433 [INFO]     Best params: {'colsample_bytree': 0.8, 'learning_rate': 0.1, 'max_depth': 3, 'min_child_weight': 3, 'n_estimators': 200, 'subsample': 0.8}
2026-05-25 18:13:14,436 [INFO]     RMSE=0.01910, MAE=0.01324, R²=0.91383
2026-05-25 18:13:14,437 [INFO] 
  Fold 5: train years=[2007, 2008, 2009, 2010, 2011, 2012, 2013, 2014, 2015, 2016, 2017, 2018, 2019, 2020, 2021, 2022], test years=[2022, 2023, 2024]
2026-05-25 18:13:14,438 [INFO]     Train size=429, Test size=85
2026-05-25 18:13:14,879 [INFO]     Best params: {'colsample_bytree': 0.8, 'learning_rate': 0.1, 'max_depth': 3, 'min_child_weight': 1, 'n_estimators': 200, 'subsample': 0.8}
2026-05-25 18:13:14,882 [INFO]     RMSE=0.00982, MAE=0.00696, R²=0.97815
2026-05-25 18:13:14,883 [INFO] 
  Training time: 5.2s
2026-05-25 18:13:14,884 [INFO] 
--- Cross-Validation Summary ---
2026-05-25 18:13:14,890 [INFO] 
 fold     RMSE      MAE       R2
    1 0.026064 0.019135 0.922450
    2 0.011471 0.008959 0.974677
    3 0.008662 0.006657 0.982125
    4 0.019103 0.013242 0.913827
    5 0.009817 0.006960 0.978154
2026-05-25 18:13:14,891 [INFO] 
Mean RMSE : 0.01502 ± 0.00739
2026-05-25 18:13:14,891 [INFO] Mean MAE  : 0.01099 ± 0.00526
2026-05-25 18:13:14,892 [INFO] Mean R²   : 0.95425 ± 0.03321
2026-05-25 18:13:14,892 [INFO] 
--- Retraining on full data ---
2026-05-25 18:13:14,945 [INFO] Final model trained.
2026-05-25 18:13:14,947 [INFO] Full-data RMSE=0.00305, R²=0.99851
2026-05-25 18:13:14,950 [INFO] Model saved: C:\Users\gjriv\OneDrive\Documentos\UdeA\Trabajo de grado 2026\model_strategic_investment_cities\models\vulnerability_model.pkl
2026-05-25 18:13:14,953 [INFO] Metrics saved: C:\Users\gjriv\OneDrive\Documentos\UdeA\Trabajo de grado 2026\model_strategic_investment_cities\models\cv_metrics.json
2026-05-25 18:13:14,954 [INFO] 
--- Feature Importance ---
2026-05-25 18:13:14,959 [INFO] 
          feature  importance
      idx_pobreza    0.381919
      idx_habitat    0.308148
idx_tejido_social    0.187382
    idx_educacion    0.092275
    idx_desempleo    0.025001
  año_normalizado    0.005274
 idx_riesgo_clima    0.000000
2026-05-25 18:13:15,642 [INFO] Feature importance plot saved: C:\Users\gjriv\OneDrive\Documentos\UdeA\Trabajo de grado 2026\model_strategic_investment_cities\models\feature_importance.png
2026-05-25 18:13:15,642 [INFO] 
--- SHAP Values ---
2026-05-25 18:13:15,696 [INFO] SHAP values saved: C:\Users\gjriv\OneDrive\Documentos\UdeA\Trabajo de grado 2026\model_strategic_investment_cities\models\shap_values.csv
2026-05-25 18:13:15,699 [INFO] 
Top 5 SHAP features:
          feature  mean_abs_shap
      idx_pobreza       0.024649
    idx_educacion       0.017167
idx_tejido_social       0.016848
      idx_habitat       0.015084
    idx_desempleo       0.007882
2026-05-25 18:13:15,858 [INFO] SHAP plot saved: C:\Users\gjriv\OneDrive\Documentos\UdeA\Trabajo de grado 2026\model_strategic_investment_cities\models\shap_importance.png
2026-05-25 18:13:15,858 [INFO] 
--- Most Vulnerable Communes (mean IVC) ---
2026-05-25 18:13:15,860 [INFO] 
Comuna
Popular                                       0.483448
Manrique                                      0.442773
Santa Cruz                                    0.438916
Corregimiento de San Sebastián de Palmitas    0.428413
Corregimiento de Santa Elena                  0.422492
Villa Hermosa                                 0.409655
Aranjuez                                      0.381338
Doce de Octubre                               0.379956
San Javier                                    0.379569
Corregimiento de Altavista                    0.375003
2026-05-25 18:13:15,864 [INFO] Ranking saved: C:\Users\gjriv\OneDrive\Documentos\UdeA\Trabajo de grado 2026\model_strategic_investment_cities\models\vulnerability_ranking.csv
2026-05-25 18:13:15,864 [INFO] 
======================================================================
2026-05-25 18:13:15,864 [INFO] 03_xgboost_model.py  —  DONE
2026-05-25 18:13:15,865 [INFO] ======================================================================
